# JRE version: OpenJDK Runtime Environment (17.0.1+12) (build 17.0.1+12-39)
# Java VM: OpenJDK 64-Bit Server VM (17.0.1+12-39, mixed mode, sharing, tiered, compressed oops, compressed class ptrs, g1 gc, bsd-amd64)
GC Precious Log:
 CPUs: 8 total, 8 available
 Memory: 8192M
 Large Page Support: Disabled
 NUMA Support: Disabled
 Compressed Oops: Enabled (Zero based)
 Heap Region Size: 1M
 Heap Min Capacity: 8M
 Heap Initial Capacity: 128M
 Heap Max Capacity: 2G
 Pre-touch: Disabled
 Parallel Workers: 8
 Concurrent Workers: 2
 Concurrent Refinement Workers: 8
 Periodic GC: Disabled
Heap:
 garbage-first heap   total 65536K, used 24768K [0x0000000780000000, 0x0000000800000000)
  region size 1024K, 3 young (3072K), 1 survivors (1024K)
 Metaspace       used 28364K, committed 28672K, reserved 1081344K
  class space    used 3721K, committed 3840K, reserved 1048576K
GC Heap History (10 events):
Event: 0.753 GC heap before
{Heap before GC invocations=0 (full 0):
 garbage-first heap   total 133120K, used 24532K [0x0000000780000000, 0x0000000800000000)
  region size 1024K, 23 young (23552K), 0 survivors (0K)
 Metaspace       used 5926K, committed 6080K, reserved 1056768K
  class space    used 560K, committed 640K, reserved 1048576K
}
Event: 0.762 GC heap after
{Heap after GC invocations=1 (full 0):
 garbage-first heap   total 133120K, used 4462K [0x0000000780000000, 0x0000000800000000)
  region size 1024K, 3 young (3072K), 3 survivors (3072K)
 Metaspace       used 5926K, committed 6080K, reserved 1056768K
  class space    used 560K, committed 640K, reserved 1048576K
}
Event: 1.711 GC heap before
{Heap before GC invocations=1 (full 0):
 garbage-first heap   total 133120K, used 43374K [0x0000000780000000, 0x0000000800000000)
  region size 1024K, 42 young (43008K), 3 survivors (3072K)
 Metaspace       used 15021K, committed 15232K, reserved 1064960K
  class space    used 2033K, committed 2112K, reserved 1048576K
}
Event: 1.725 GC heap after
{Heap after GC invocations=2 (full 0):
 garbage-first heap   total 133120K, used 9140K [0x0000000780000000, 0x0000000800000000)
  region size 1024K, 6 young (6144K), 6 survivors (6144K)
 Metaspace       used 15021K, committed 15232K, reserved 1064960K
  class space    used 2033K, committed 2112K, reserved 1048576K
}
Event: 2.247 GC heap before
{Heap before GC invocations=2 (full 0):
 garbage-first heap   total 133120K, used 34740K [0x0000000780000000, 0x0000000800000000)
  region size 1024K, 28 young (28672K), 6 survivors (6144K)
 Metaspace       used 21275K, committed 21504K, reserved 1073152K
  class space    used 2819K, committed 2944K, reserved 1048576K
}
Event: 2.258 GC heap after
{Heap after GC invocations=3 (full 0):
 garbage-first heap   total 133120K, used 14485K [0x0000000780000000, 0x0000000800000000)
  region size 1024K, 7 young (7168K), 7 survivors (7168K)
 Metaspace       used 21275K, committed 21504K, reserved 1073152K
  class space    used 2819K, committed 2944K, reserved 1048576K
}
Event: 24.522 GC heap before
{Heap before GC invocations=4 (full 0):
 garbage-first heap   total 65536K, used 49301K [0x0000000780000000, 0x0000000800000000)
  region size 1024K, 38 young (38912K), 7 survivors (7168K)
 Metaspace       used 28177K, committed 28416K, reserved 1081344K
  class space    used 3715K, committed 3840K, reserved 1048576K
}
Event: 24.540 GC heap after
{Heap after GC invocations=5 (full 0):
 garbage-first heap   total 65536K, used 21245K [0x0000000780000000, 0x0000000800000000)
  region size 1024K, 3 young (3072K), 3 survivors (3072K)
 Metaspace       used 28177K, committed 28416K, reserved 1081344K
  class space    used 3715K, committed 3840K, reserved 1048576K
}
Event: 26.546 GC heap before
{Heap before GC invocations=5 (full 0):
 garbage-first heap   total 65536K, used 24317K [0x0000000780000000, 0x0000000800000000)
  region size 1024K, 4 young (4096K), 3 survivors (3072K)
 Metaspace       used 28279K, committed 28480K, reserved 1081344K
  class space    used 3721K, committed 3840K, reserved 1048576K
}
Event: 26.558 GC heap after
{Heap after GC invocations=6 (full 0):
 garbage-first heap   total 65536K, used 23744K [0x0000000780000000, 0x0000000800000000)
  region size 1024K, 1 young (1024K), 1 survivors (1024K)
 Metaspace       used 28279K, committed 28480K, reserved 1081344K
  class space    used 3721K, committed 3840K, reserved 1048576K
}

