# JRE version: OpenJDK Runtime Environment (17.0.1+12) (build 17.0.1+12-39)
# Java VM: OpenJDK 64-Bit Server VM (17.0.1+12-39, mixed mode, sharing, tiered, compressed oops, compressed class ptrs, g1 gc, bsd-amd64)
GC Precious Log:
 CPUs: 8 total, 8 available
 Memory: 8192M
 Large Page Support: Disabled
 NUMA Support: Disabled
 Compressed Oops: Enabled (Zero based)
 Heap Region Size: 1M
 Heap Min Capacity: 8M
 Heap Initial Capacity: 128M
 Heap Max Capacity: 2G
 Pre-touch: Disabled
 Parallel Workers: 8
 Concurrent Workers: 2
 Concurrent Refinement Workers: 8
 Periodic GC: Disabled
Heap:
 garbage-first heap   total 65536K, used 29577K [0x0000000780000000, 0x0000000800000000)
  region size 1024K, 10 young (10240K), 3 survivors (3072K)
 Metaspace       used 28534K, committed 28864K, reserved 1081344K
  class space    used 3736K, committed 3904K, reserved 1048576K
GC Heap History (8 events):
Event: 0.923 GC heap before
{Heap before GC invocations=0 (full 0):
 garbage-first heap   total 133120K, used 24532K [0x0000000780000000, 0x0000000800000000)
  region size 1024K, 23 young (23552K), 0 survivors (0K)
 Metaspace       used 5914K, committed 6080K, reserved 1056768K
  class space    used 560K, committed 640K, reserved 1048576K
}
Event: 0.934 GC heap after
{Heap after GC invocations=1 (full 0):
 garbage-first heap   total 133120K, used 4603K [0x0000000780000000, 0x0000000800000000)
  region size 1024K, 3 young (3072K), 3 survivors (3072K)
 Metaspace       used 5914K, committed 6080K, reserved 1056768K
  class space    used 560K, committed 640K, reserved 1048576K
}
Event: 2.025 GC heap before
{Heap before GC invocations=1 (full 0):
 garbage-first heap   total 133120K, used 44539K [0x0000000780000000, 0x0000000800000000)
  region size 1024K, 42 young (43008K), 3 survivors (3072K)
 Metaspace       used 15085K, committed 15296K, reserved 1064960K
  class space    used 2038K, committed 2112K, reserved 1048576K
}
Event: 2.036 GC heap after
{Heap after GC invocations=2 (full 0):
 garbage-first heap   total 133120K, used 9236K [0x0000000780000000, 0x0000000800000000)
  region size 1024K, 6 young (6144K), 6 survivors (6144K)
 Metaspace       used 15085K, committed 15296K, reserved 1064960K
  class space    used 2038K, committed 2112K, reserved 1048576K
}
Event: 2.764 GC heap before
{Heap before GC invocations=2 (full 0):
 garbage-first heap   total 133120K, used 38932K [0x0000000780000000, 0x0000000800000000)
  region size 1024K, 30 young (30720K), 6 survivors (6144K)
 Metaspace       used 21256K, committed 21504K, reserved 1073152K
  class space    used 2810K, committed 2944K, reserved 1048576K
}
Event: 2.783 GC heap after
{Heap after GC invocations=3 (full 0):
 garbage-first heap   total 133120K, used 16831K [0x0000000780000000, 0x0000000800000000)
  region size 1024K, 7 young (7168K), 7 survivors (7168K)
 Metaspace       used 21256K, committed 21504K, reserved 1073152K
  class space    used 2810K, committed 2944K, reserved 1048576K
}
Event: 28.253 GC heap before
{Heap before GC invocations=4 (full 0):
 garbage-first heap   total 65536K, used 48575K [0x0000000780000000, 0x0000000800000000)
  region size 1024K, 37 young (37888K), 7 survivors (7168K)
 Metaspace       used 28268K, committed 28480K, reserved 1081344K
  class space    used 3727K, committed 3840K, reserved 1048576K
}
Event: 28.270 GC heap after
{Heap after GC invocations=5 (full 0):
 garbage-first heap   total 65536K, used 21385K [0x0000000780000000, 0x0000000800000000)
  region size 1024K, 3 young (3072K), 3 survivors (3072K)
 Metaspace       used 28268K, committed 28480K, reserved 1081344K
  class space    used 3727K, committed 3840K, reserved 1048576K
}

